[2022-11-10T17:36:39.634Z] info: User logged in with id:63459833de8fb2509f5da9dd
[2022-11-10T17:36:40.034Z] info: User with id:63459833de8fb2509f5da9dd went Online
[2022-11-10T17:36:57.681Z] info: User logged in with id:63459845de8fb2509f5da9e1
[2022-11-10T17:36:57.693Z] info: User with id:63459845de8fb2509f5da9e1 went Online
[2022-11-10T17:39:54.266Z] info: User logged in with id:63459833de8fb2509f5da9dd
[2022-11-10T17:39:54.276Z] info: User with id:63459833de8fb2509f5da9dd went Online
[2022-11-10T17:40:49.862Z] info: User logged in with id:63459833de8fb2509f5da9dd
[2022-11-10T17:40:49.872Z] info: User with id:63459833de8fb2509f5da9dd went Online
[2022-11-10T17:41:10.485Z] info: User logged in with id:63459845de8fb2509f5da9e1
[2022-11-10T17:41:10.495Z] info: User with id:63459845de8fb2509f5da9e1 went Online
[2022-11-10T18:01:02.476Z] info: User logged in with id:63459833de8fb2509f5da9dd
[2022-11-10T18:01:02.960Z] info: User with id:63459833de8fb2509f5da9dd went Online
[2022-11-10T18:02:02.719Z] info: User logged in with id:63459845de8fb2509f5da9e1
[2022-11-10T18:02:02.729Z] info: User with id:63459845de8fb2509f5da9e1 went Online
[2022-11-10T18:07:24.301Z] info: User logged in with id:63459833de8fb2509f5da9dd
[2022-11-10T18:07:24.312Z] info: User with id:63459833de8fb2509f5da9dd went Online
[2022-11-10T18:07:46.001Z] info: Message sent to conversation:6362a286fafd275f04eca6e1
[2022-11-10T18:08:26.175Z] info: Message sent to conversation:6362a286fafd275f04eca6e1
[2022-11-10T18:09:08.732Z] info: User logged in with id:63459845de8fb2509f5da9e1
[2022-11-10T18:09:08.746Z] info: User with id:63459845de8fb2509f5da9e1 went Online
[2022-11-10T18:09:21.329Z] info: Message sent to conversation:6362a286fafd275f04eca6e1
[2022-11-10T18:19:05.647Z] info: User logged in with id:63459859de8fb2509f5da9e5
[2022-11-10T18:19:05.656Z] info: User with id:63459859de8fb2509f5da9e5 went Online
[2022-11-10T18:19:15.547Z] info: Message sent to conversation:6362a286fafd275f04eca6e1
[2022-11-10T18:19:39.966Z] info: Message sent to conversation:6362a286fafd275f04eca6e1
[2022-11-10T18:24:53.764Z] info: User logged in with id:63459845de8fb2509f5da9e1
[2022-11-10T18:24:53.772Z] info: User with id:63459845de8fb2509f5da9e1 went Online
[2022-11-10T18:25:03.486Z] info: User logged in with id:63459845de8fb2509f5da9e1
[2022-11-10T18:25:03.493Z] info: User with id:63459845de8fb2509f5da9e1 went Online
[2022-11-10T18:25:18.284Z] info: User logged in with id:63459845de8fb2509f5da9e1
[2022-11-10T18:25:18.290Z] info: User with id:63459845de8fb2509f5da9e1 went Online
[2022-11-10T18:25:32.725Z] info: User logged in with id:63459833de8fb2509f5da9dd
[2022-11-10T18:25:32.732Z] info: User with id:63459833de8fb2509f5da9dd went Online
[2022-11-10T18:25:59.819Z] info: User logged in with id:63459859de8fb2509f5da9e5
[2022-11-10T18:25:59.828Z] info: User with id:63459859de8fb2509f5da9e5 went Online
[2022-11-10T18:26:25.260Z] info: User logged in with id:63459859de8fb2509f5da9e5
[2022-11-10T18:26:25.269Z] info: User with id:63459859de8fb2509f5da9e5 went Online
[2022-11-10T18:26:26.490Z] info: User logged in with id:63459859de8fb2509f5da9e5
[2022-11-10T18:26:26.498Z] info: User with id:63459859de8fb2509f5da9e5 went Online
[2022-11-10T18:26:36.140Z] info: New conversation created
[2022-11-10T18:26:36.142Z] info: New conversation created
[2022-11-10T18:26:48.469Z] info: User logged in with id:63459833de8fb2509f5da9dd
[2022-11-10T18:26:48.478Z] info: User with id:63459833de8fb2509f5da9dd went Online
[2022-11-10T18:32:33.736Z] info: User logged in with id:63459833de8fb2509f5da9dd
[2022-11-10T18:32:33.744Z] info: User with id:63459833de8fb2509f5da9dd went Online
[2022-11-10T18:33:01.809Z] info: User logged in with id:63459833de8fb2509f5da9dd
[2022-11-10T18:33:01.818Z] info: User with id:63459833de8fb2509f5da9dd went Online
[2022-11-10T18:33:29.265Z] info: User logged in with id:63459833de8fb2509f5da9dd
[2022-11-10T18:33:29.277Z] info: User with id:63459833de8fb2509f5da9dd went Online
[2022-11-10T18:34:33.433Z] info: User logged in with id:63459833de8fb2509f5da9dd
[2022-11-10T18:34:33.442Z] info: User with id:63459833de8fb2509f5da9dd went Online
[2022-11-10T18:34:54.801Z] info: New user registered with id: 636d444e8548679a6022cf68
[2022-11-10T18:35:22.217Z] info: User logged in with id:63459833de8fb2509f5da9dd
[2022-11-10T18:35:22.231Z] info: User with id:63459833de8fb2509f5da9dd went Online
[2022-11-10T18:35:36.859Z] info: User logged in with id:63459845de8fb2509f5da9e1
[2022-11-10T18:35:36.867Z] info: User with id:63459845de8fb2509f5da9e1 went Online
[2022-11-10T18:37:06.754Z] info: User logged in with id:63459833de8fb2509f5da9dd
[2022-11-10T18:37:06.764Z] info: User with id:63459833de8fb2509f5da9dd went Online
[2022-11-10T18:37:08.932Z] info: User logged in with id:63459833de8fb2509f5da9dd
[2022-11-10T18:37:08.939Z] info: User with id:63459833de8fb2509f5da9dd went Online
[2022-11-10T18:37:12.150Z] info: User logged in with id:63459833de8fb2509f5da9dd
[2022-11-10T18:37:12.157Z] info: User with id:63459833de8fb2509f5da9dd went Online
[2022-11-10T18:37:13.167Z] info: User logged in with id:63459833de8fb2509f5da9dd
[2022-11-10T18:37:13.235Z] info: User with id:63459833de8fb2509f5da9dd went Online
[2022-11-10T18:37:14.485Z] info: User logged in with id:63459833de8fb2509f5da9dd
[2022-11-10T18:37:14.491Z] info: User with id:63459833de8fb2509f5da9dd went Online
[2022-11-10T18:38:19.475Z] info: User logged in with id:63459833de8fb2509f5da9dd
[2022-11-10T18:38:19.484Z] info: User with id:63459833de8fb2509f5da9dd went Online
[2022-11-10T18:38:50.447Z] info: User logged in with id:63459845de8fb2509f5da9e1
[2022-11-10T18:38:50.456Z] info: User with id:63459845de8fb2509f5da9e1 went Online
[2022-11-10T18:43:40.495Z] info: User logged in with id:63459833de8fb2509f5da9dd
[2022-11-10T18:43:40.516Z] info: User with id:63459833de8fb2509f5da9dd went Online
[2022-11-10T18:43:42.180Z] info: User logged in with id:63459833de8fb2509f5da9dd
[2022-11-10T18:43:42.188Z] info: User with id:63459833de8fb2509f5da9dd went Online
[2022-11-10T18:43:44.783Z] info: User logged in with id:63459833de8fb2509f5da9dd
[2022-11-10T18:43:44.792Z] info: User with id:63459833de8fb2509f5da9dd went Online
[2022-11-10T18:54:25.596Z] info: User logged in with id:63459833de8fb2509f5da9dd
[2022-11-10T18:54:25.605Z] info: User with id:63459833de8fb2509f5da9dd went Online
[2022-11-10T19:43:20.512Z] info: Message sent to conversation:6362a28cfafd275f04eca6e7
[2022-11-10T19:44:07.464Z] info: Message sent to conversation:6362a28cfafd275f04eca6e7
[2022-11-10T19:44:19.981Z] info: Message sent to conversation:6362a28cfafd275f04eca6e7
[2022-11-10T19:46:35.798Z] info: Message sent to conversation:6362a28cfafd275f04eca6e7
[2022-11-10T19:46:45.177Z] info: Message sent to conversation:6362a28cfafd275f04eca6e7
[2022-11-10T19:47:04.728Z] info: Message sent to conversation:6362a28cfafd275f04eca6e7
[2022-11-10T19:47:11.748Z] info: Message sent to conversation:6362a28cfafd275f04eca6e7
[2022-11-10T19:47:13.073Z] info: Message sent to conversation:6362a28cfafd275f04eca6e7
[2022-11-10T19:48:31.708Z] info: Message sent to conversation:6362a28cfafd275f04eca6e7
[2022-11-10T19:48:33.162Z] info: Message sent to conversation:6362a28cfafd275f04eca6e7
[2022-11-10T19:48:34.307Z] info: Message sent to conversation:6362a28cfafd275f04eca6e7
[2022-11-10T19:54:51.254Z] info: Message sent to conversation:6362a28cfafd275f04eca6e7
[2022-11-10T19:57:51.287Z] info: Message sent to conversation:6362a28cfafd275f04eca6e7
[2022-11-10T19:57:54.291Z] info: Message sent to conversation:6362a28cfafd275f04eca6e7
[2022-11-10T20:02:13.240Z] info: Message sent to conversation:6362a28cfafd275f04eca6e7
[2022-11-10T20:03:19.563Z] info: Message sent to conversation:6362a28cfafd275f04eca6e7
[2022-11-10T20:03:21.961Z] info: Message sent to conversation:6362a28cfafd275f04eca6e7
[2022-11-10T20:04:58.715Z] info: Message sent to conversation:6362a28cfafd275f04eca6e7
