[2022-11-11T15:17:34.627Z] error: Unable to find receiver
[2022-11-11T15:17:58.831Z] error: Cast to string failed for value "{ receiverUsername: 'mew2' }" (type Object) at path "username" for model "Profile"
[2022-11-11T18:20:23.883Z] error: Unable to find receiver
[2022-11-11T18:22:57.950Z] error: Unable to find receiver
[2022-11-11T18:25:15.436Z] error: Unable to find receiver
[2022-11-11T18:27:52.863Z] error: Unable to find receiver
[2022-11-11T18:27:57.433Z] error: Unable to find receiver
[2022-11-11T18:28:02.557Z] error: Unable to find receiver
[2022-11-11T18:28:51.884Z] error: Unable to find receiver
[2022-11-11T18:29:31.125Z] error: Unable to find receiver
[2022-11-11T18:30:13.397Z] error: Unable to find receiver
[2022-11-11T18:30:17.993Z] error: Unable to find receiver
[2022-11-11T18:30:21.339Z] error: Unable to find receiver
[2022-11-11T18:30:29.118Z] error: Unable to find receiver
[2022-11-11T18:31:22.385Z] error: Unable to find receiver
[2022-11-11T18:31:33.132Z] error: Unable to find receiver
[2022-11-11T18:31:36.037Z] error: Unable to find receiver
[2022-11-11T18:31:38.370Z] error: Unable to find receiver
[2022-11-14T18:06:27.148Z] error: Profile requested not found
[2022-11-14T18:06:41.111Z] error: Profile requested not found
[2022-11-14T18:07:13.678Z] error: Profile requested not found
[2022-11-14T18:07:52.440Z] error: Profile requested not found
[2022-11-14T18:08:26.544Z] error: Profile requested not found
[2022-11-14T18:08:30.589Z] error: Profile requested not found
[2022-11-14T18:08:39.099Z] error: Profile requested not found
[2022-11-14T18:09:18.421Z] error: Profile requested not found
[2022-11-14T18:09:44.179Z] error: Profile requested not found
[2022-11-14T18:10:08.939Z] error: Profile requested not found
[2022-11-14T18:12:07.966Z] error: Profile requested not found
[2022-11-14T18:19:17.525Z] error: Unable to find receiver
[2022-11-14T18:28:42.418Z] error: Unable to find receiver
[2022-11-14T22:24:05.967Z] error: Unable to find receiver
[2022-11-15T18:54:44.139Z] error: Unable to find receiver
[2023-01-19T17:49:39.293Z] error: Unable to find receiver
[2023-01-19T17:49:46.658Z] error: Contacts already in list
[2023-01-19T18:03:44.587Z] error: Request is pending
[2023-01-19T18:04:02.494Z] error: Request is pending
[2023-01-19T18:04:31.311Z] error: Request is pending
[2023-01-19T18:04:40.572Z] error: Request is pending
[2023-01-19T18:04:47.811Z] error: Contacts already in list
[2023-01-19T18:20:30.762Z] error: Contacts already in list
[2023-01-19T18:30:54.252Z] error: Cannot read properties of undefined (reading 'request')
[2023-01-19T18:30:58.144Z] error: Cannot read properties of undefined (reading 'request')
[2023-01-19T18:31:08.040Z] error: Cannot read properties of undefined (reading 'request')
[2023-01-19T18:31:28.802Z] error: Cannot read properties of undefined (reading 'request')
[2023-01-19T18:31:39.477Z] error: Cannot read properties of undefined (reading 'request')
[2023-01-19T18:33:25.573Z] error: Request is pending
[2023-01-19T18:33:38.575Z] error: Request is pending
[2023-01-19T18:34:10.792Z] error: Request is pending
[2023-01-19T18:34:27.233Z] error: Unable to find receiver
[2023-01-19T18:34:30.674Z] error: Unable to find receiver
[2023-01-19T18:34:35.882Z] error: Contacts already in list
