[2022-11-10T17:36:38.864Z] info: Fetching profile with id: 63459833de8fb2509f5da9dd
[2022-11-10T17:36:40.032Z] info: Profile updated with id: 63459833de8fb2509f5da9dd
[2022-11-10T17:36:40.105Z] info: Fetching profile with id: 63459833de8fb2509f5da9dd
[2022-11-10T17:36:40.164Z] info: Fetching profile with id: 63459833de8fb2509f5da9dd
[2022-11-10T17:36:40.177Z] info: Fetcing contacts from id: 63459833de8fb2509f5da9dd
[2022-11-10T17:36:40.797Z] info: Fetching profile with id: 63459833de8fb2509f5da9dd
[2022-11-10T17:36:40.806Z] info: Fetching profile with id: 63459833de8fb2509f5da9dd
[2022-11-10T17:36:40.815Z] info: Fetching profile with id: 63459833de8fb2509f5da9dd
[2022-11-10T17:36:40.827Z] info: Fetcing contact requests from id: 63459833de8fb2509f5da9dd
[2022-11-10T17:36:57.581Z] info: Fetching profile with id: 63459833de8fb2509f5da9dd
[2022-11-10T17:36:57.691Z] info: Profile updated with id: 63459845de8fb2509f5da9e1
[2022-11-10T17:36:57.945Z] info: Fetching profile with id: 63459833de8fb2509f5da9dd
[2022-11-10T17:36:57.952Z] info: Fetching profile with id: 63459833de8fb2509f5da9dd
[2022-11-10T17:36:57.955Z] info: Fetching profile with id: 63459833de8fb2509f5da9dd
[2022-11-10T17:36:57.965Z] info: Fetcing contact requests from id: 63459833de8fb2509f5da9dd
[2022-11-10T17:39:54.138Z] info: Fetching profile with id: 63459833de8fb2509f5da9dd
[2022-11-10T17:39:54.275Z] info: Profile updated with id: 63459833de8fb2509f5da9dd
[2022-11-10T17:39:54.460Z] info: Fetching profile with id: 63459833de8fb2509f5da9dd
[2022-11-10T17:39:54.465Z] info: Fetching profile with id: 63459833de8fb2509f5da9dd
[2022-11-10T17:39:54.467Z] info: Fetching profile with id: 63459833de8fb2509f5da9dd
[2022-11-10T17:39:54.479Z] info: Fetcing contact requests from id: 63459833de8fb2509f5da9dd
[2022-11-10T17:40:49.766Z] info: Fetching profile with id: 63459833de8fb2509f5da9dd
[2022-11-10T17:40:49.871Z] info: Profile updated with id: 63459833de8fb2509f5da9dd
[2022-11-10T17:40:50.081Z] info: Fetching profile with id: 63459833de8fb2509f5da9dd
[2022-11-10T17:40:50.084Z] info: Fetching profile with id: 63459833de8fb2509f5da9dd
[2022-11-10T17:40:50.093Z] info: Fetching profile with id: 63459833de8fb2509f5da9dd
[2022-11-10T17:40:50.122Z] info: Fetcing contact requests from id: 63459833de8fb2509f5da9dd
[2022-11-10T17:41:10.392Z] info: Fetching profile with id: 63459833de8fb2509f5da9dd
[2022-11-10T17:41:10.495Z] info: Profile updated with id: 63459845de8fb2509f5da9e1
[2022-11-10T17:41:10.649Z] info: Fetching profile with id: 63459833de8fb2509f5da9dd
[2022-11-10T17:41:10.651Z] info: Fetching profile with id: 63459833de8fb2509f5da9dd
[2022-11-10T17:41:10.664Z] info: Fetching profile with id: 63459833de8fb2509f5da9dd
[2022-11-10T17:41:10.673Z] info: Fetcing contact requests from id: 63459833de8fb2509f5da9dd
[2022-11-10T18:01:02.959Z] info: Profile updated with id: 63459833de8fb2509f5da9dd
[2022-11-10T18:01:48.412Z] info: Fetching profile with id: 63459833de8fb2509f5da9dd
[2022-11-10T18:01:48.565Z] info: Fetching profile with id: 63459833de8fb2509f5da9dd
[2022-11-10T18:01:48.594Z] info: Fetcing contacts from id: 63459833de8fb2509f5da9dd
[2022-11-10T18:01:48.913Z] info: Fetching profile with id: 63459833de8fb2509f5da9dd
[2022-11-10T18:01:48.925Z] info: Fetching profile with id: 63459833de8fb2509f5da9dd
[2022-11-10T18:01:48.946Z] info: Fetching profile with id: 63459833de8fb2509f5da9dd
[2022-11-10T18:01:48.952Z] info: Fetcing contact requests from id: 63459833de8fb2509f5da9dd
[2022-11-10T18:02:02.282Z] info: Fetching profile with id: 63459833de8fb2509f5da9dd
[2022-11-10T18:02:02.728Z] info: Profile updated with id: 63459845de8fb2509f5da9e1
[2022-11-10T18:02:02.943Z] info: Fetching profile with id: 63459833de8fb2509f5da9dd
[2022-11-10T18:02:02.966Z] info: Fetching profile with id: 63459833de8fb2509f5da9dd
[2022-11-10T18:02:02.975Z] info: Fetcing contact requests from id: 63459833de8fb2509f5da9dd
[2022-11-10T18:02:03.008Z] info: Fetching profile with id: 63459833de8fb2509f5da9dd
[2022-11-10T18:07:24.194Z] info: Fetching profile with id: 63459833de8fb2509f5da9dd
[2022-11-10T18:07:24.310Z] info: Profile updated with id: 63459833de8fb2509f5da9dd
[2022-11-10T18:07:24.484Z] info: Fetching profile with id: 63459833de8fb2509f5da9dd
[2022-11-10T18:07:24.492Z] info: Fetching profile with id: 63459833de8fb2509f5da9dd
[2022-11-10T18:07:24.507Z] info: Fetching profile with id: 63459833de8fb2509f5da9dd
[2022-11-10T18:07:24.517Z] info: Fetcing contact requests from id: 63459833de8fb2509f5da9dd
[2022-11-10T18:07:43.037Z] info: Fetching profile with id: 63459833de8fb2509f5da9dd
[2022-11-10T18:07:45.459Z] info: Fetching profile with id: 63459833de8fb2509f5da9dd
[2022-11-10T18:08:26.162Z] info: Fetching profile with id: 63459833de8fb2509f5da9dd
[2022-11-10T18:09:01.315Z] info: Fetching profile with id: 63459833de8fb2509f5da9dd
[2022-11-10T18:09:08.623Z] info: Fetching profile with id: 63459833de8fb2509f5da9dd
[2022-11-10T18:09:08.744Z] info: Profile updated with id: 63459845de8fb2509f5da9e1
[2022-11-10T18:09:08.920Z] info: Fetching profile with id: 63459833de8fb2509f5da9dd
[2022-11-10T18:09:08.922Z] info: Fetching profile with id: 63459833de8fb2509f5da9dd
[2022-11-10T18:09:08.931Z] info: Fetching profile with id: 63459833de8fb2509f5da9dd
[2022-11-10T18:09:08.938Z] info: Fetcing contact requests from id: 63459833de8fb2509f5da9dd
[2022-11-10T18:09:18.801Z] info: Fetching profile with id: 63459833de8fb2509f5da9dd
[2022-11-10T18:09:21.318Z] info: Fetching profile with id: 63459833de8fb2509f5da9dd
[2022-11-10T18:19:00.245Z] info: Fetching profile with id: 63459833de8fb2509f5da9dd
[2022-11-10T18:19:05.545Z] info: Fetching profile with id: 63459833de8fb2509f5da9dd
[2022-11-10T18:19:05.655Z] info: Profile updated with id: 63459859de8fb2509f5da9e5
[2022-11-10T18:19:05.807Z] info: Fetching profile with id: 63459833de8fb2509f5da9dd
[2022-11-10T18:19:05.813Z] info: Fetching profile with id: 63459833de8fb2509f5da9dd
[2022-11-10T18:19:05.825Z] info: Fetching profile with id: 63459833de8fb2509f5da9dd
[2022-11-10T18:19:05.834Z] info: Fetcing contact requests from id: 63459833de8fb2509f5da9dd
[2022-11-10T18:19:13.033Z] info: Fetching profile with id: 63459833de8fb2509f5da9dd
[2022-11-10T18:19:15.538Z] info: Fetching profile with id: 63459833de8fb2509f5da9dd
[2022-11-10T18:19:39.958Z] info: Fetching profile with id: 63459833de8fb2509f5da9dd
[2022-11-10T18:24:38.977Z] info: Fetching profile with id: 63459859de8fb2509f5da9e5
[2022-11-10T18:24:38.981Z] info: Fetching profile with id: 63459859de8fb2509f5da9e5
[2022-11-10T18:24:38.989Z] info: Fetcing contact requests from id: 63459859de8fb2509f5da9e5
[2022-11-10T18:24:38.997Z] info: Fetching profile with id: 63459859de8fb2509f5da9e5
[2022-11-10T18:24:39.008Z] info: Fetching profile with id: 63459859de8fb2509f5da9e5
[2022-11-10T18:24:39.018Z] info: Fetching profile with id: 63459859de8fb2509f5da9e5
[2022-11-10T18:24:39.033Z] info: Fetcing contacts from id: 63459859de8fb2509f5da9e5
[2022-11-10T18:24:39.054Z] info: Fetching profile with id: 63459859de8fb2509f5da9e5
[2022-11-10T18:24:53.666Z] info: Fetching profile with id: 63459859de8fb2509f5da9e5
[2022-11-10T18:24:53.771Z] info: Profile updated with id: 63459845de8fb2509f5da9e1
[2022-11-10T18:25:03.389Z] info: Fetching profile with id: 63459859de8fb2509f5da9e5
[2022-11-10T18:25:03.492Z] info: Profile updated with id: 63459845de8fb2509f5da9e1
[2022-11-10T18:25:17.535Z] info: Fetching profile with id: 63459845de8fb2509f5da9e1
[2022-11-10T18:25:17.537Z] info: Fetching profile with id: 63459845de8fb2509f5da9e1
[2022-11-10T18:25:17.543Z] info: Fetcing contacts from id: 63459845de8fb2509f5da9e1
[2022-11-10T18:25:18.185Z] info: Fetching profile with id: 63459845de8fb2509f5da9e1
[2022-11-10T18:25:18.289Z] info: Profile updated with id: 63459845de8fb2509f5da9e1
[2022-11-10T18:25:20.927Z] info: Fetching profile with id: 63459845de8fb2509f5da9e1
[2022-11-10T18:25:21.008Z] info: Fetching profile with id: 63459845de8fb2509f5da9e1
[2022-11-10T18:25:21.014Z] info: Fetcing contacts from id: 63459845de8fb2509f5da9e1
[2022-11-10T18:25:21.331Z] info: Fetching profile with id: 63459845de8fb2509f5da9e1
[2022-11-10T18:25:21.335Z] info: Fetching profile with id: 63459845de8fb2509f5da9e1
[2022-11-10T18:25:21.348Z] info: Fetching profile with id: 63459845de8fb2509f5da9e1
[2022-11-10T18:25:21.354Z] info: Fetcing contact requests from id: 63459845de8fb2509f5da9e1
[2022-11-10T18:25:32.584Z] info: Fetching profile with id: 63459845de8fb2509f5da9e1
[2022-11-10T18:25:32.731Z] info: Profile updated with id: 63459833de8fb2509f5da9dd
[2022-11-10T18:25:32.878Z] info: Fetching profile with id: 63459845de8fb2509f5da9e1
[2022-11-10T18:25:32.886Z] info: Fetching profile with id: 63459845de8fb2509f5da9e1
[2022-11-10T18:25:32.910Z] info: Fetching profile with id: 63459845de8fb2509f5da9e1
[2022-11-10T18:25:32.919Z] info: Fetcing contact requests from id: 63459845de8fb2509f5da9e1
[2022-11-10T18:25:47.916Z] info: Fetching profile with id: 63459833de8fb2509f5da9dd
[2022-11-10T18:25:47.922Z] info: Fetching profile with id: 63459833de8fb2509f5da9dd
[2022-11-10T18:25:47.924Z] info: Fetcing contact requests from id: 63459833de8fb2509f5da9dd
[2022-11-10T18:25:47.931Z] info: Fetching profile with id: 63459833de8fb2509f5da9dd
[2022-11-10T18:25:47.949Z] info: Fetching profile with id: 63459833de8fb2509f5da9dd
[2022-11-10T18:25:47.955Z] info: Fetcing contacts from id: 63459833de8fb2509f5da9dd
[2022-11-10T18:25:47.964Z] info: Fetching profile with id: 63459833de8fb2509f5da9dd
[2022-11-10T18:25:59.663Z] info: Fetching profile with id: 63459833de8fb2509f5da9dd
[2022-11-10T18:25:59.826Z] info: Profile updated with id: 63459859de8fb2509f5da9e5
[2022-11-10T18:26:14.860Z] info: Fetching profile with id: 63459859de8fb2509f5da9e5
[2022-11-10T18:26:14.868Z] info: Fetcing contacts from id: 63459859de8fb2509f5da9e5
[2022-11-10T18:26:14.875Z] info: Fetching profile with id: 63459859de8fb2509f5da9e5
[2022-11-10T18:26:25.153Z] info: Fetching profile with id: 63459859de8fb2509f5da9e5
[2022-11-10T18:26:25.267Z] info: Profile updated with id: 63459859de8fb2509f5da9e5
[2022-11-10T18:26:26.369Z] info: Fetching profile with id: 63459859de8fb2509f5da9e5
[2022-11-10T18:26:26.497Z] info: Profile updated with id: 63459859de8fb2509f5da9e5
[2022-11-10T18:26:28.963Z] info: Fetching profile with id: 63459859de8fb2509f5da9e5
[2022-11-10T18:26:29.127Z] info: Fetching profile with id: 63459859de8fb2509f5da9e5
[2022-11-10T18:26:29.133Z] info: Fetcing contacts from id: 63459859de8fb2509f5da9e5
[2022-11-10T18:26:29.398Z] info: Fetching profile with id: 63459859de8fb2509f5da9e5
[2022-11-10T18:26:29.400Z] info: Fetching profile with id: 63459859de8fb2509f5da9e5
[2022-11-10T18:26:29.440Z] info: Fetching profile with id: 63459859de8fb2509f5da9e5
[2022-11-10T18:26:29.489Z] info: Fetcing contact requests from id: 63459859de8fb2509f5da9e5
[2022-11-10T18:26:34.433Z] info: Fetching profile with id: 63459859de8fb2509f5da9e5
[2022-11-10T18:26:35.019Z] info: Fetching profile with id: 63459859de8fb2509f5da9e5
[2022-11-10T18:26:35.561Z] info: Fetching profile with id: 63459859de8fb2509f5da9e5
[2022-11-10T18:26:36.114Z] info: Fetching profile with id: 63459859de8fb2509f5da9e5
[2022-11-10T18:26:48.336Z] info: Fetching profile with id: 63459859de8fb2509f5da9e5
[2022-11-10T18:26:48.477Z] info: Profile updated with id: 63459833de8fb2509f5da9dd
[2022-11-10T18:26:48.631Z] info: Fetching profile with id: 63459859de8fb2509f5da9e5
[2022-11-10T18:26:48.635Z] info: Fetching profile with id: 63459859de8fb2509f5da9e5
[2022-11-10T18:26:48.646Z] info: Fetching profile with id: 63459859de8fb2509f5da9e5
[2022-11-10T18:26:48.656Z] info: Fetcing contact requests from id: 63459859de8fb2509f5da9e5
[2022-11-10T18:32:33.743Z] info: Profile updated with id: 63459833de8fb2509f5da9dd
[2022-11-10T18:32:59.102Z] info: Fetching profile with id: 63459833de8fb2509f5da9dd
[2022-11-10T18:32:59.107Z] info: Fetcing contacts from id: 63459833de8fb2509f5da9dd
[2022-11-10T18:32:59.123Z] info: Fetching profile with id: 63459833de8fb2509f5da9dd
[2022-11-10T18:33:01.601Z] info: Fetching profile with id: 63459833de8fb2509f5da9dd
[2022-11-10T18:33:01.816Z] info: Profile updated with id: 63459833de8fb2509f5da9dd
[2022-11-10T18:33:28.724Z] info: Fetching profile with id: 63459833de8fb2509f5da9dd
[2022-11-10T18:33:28.726Z] info: Fetching profile with id: 63459833de8fb2509f5da9dd
[2022-11-10T18:33:28.731Z] info: Fetcing contacts from id: 63459833de8fb2509f5da9dd
[2022-11-10T18:33:29.159Z] info: Fetching profile with id: 63459833de8fb2509f5da9dd
[2022-11-10T18:33:29.276Z] info: Profile updated with id: 63459833de8fb2509f5da9dd
[2022-11-10T18:33:56.876Z] info: Fetching profile with id: 63459833de8fb2509f5da9dd
[2022-11-10T18:33:56.878Z] info: Fetching profile with id: 63459833de8fb2509f5da9dd
[2022-11-10T18:33:56.884Z] info: Fetcing contacts from id: 63459833de8fb2509f5da9dd
[2022-11-10T18:34:33.339Z] info: Fetching profile with id: 63459833de8fb2509f5da9dd
[2022-11-10T18:34:33.441Z] info: Profile updated with id: 63459833de8fb2509f5da9dd
[2022-11-10T18:34:53.989Z] info: Fetching profile with id: 63459833de8fb2509f5da9dd
[2022-11-10T18:34:54.026Z] info: Fetching profile with id: 63459833de8fb2509f5da9dd
[2022-11-10T18:34:54.078Z] info: Fetching profile with id: 63459833de8fb2509f5da9dd
[2022-11-10T18:34:54.083Z] info: Fetcing contacts from id: 63459833de8fb2509f5da9dd
[2022-11-10T18:34:54.330Z] info: Fetching profile with id: 63459833de8fb2509f5da9dd
[2022-11-10T18:34:54.332Z] info: Fetching profile with id: 63459833de8fb2509f5da9dd
[2022-11-10T18:34:54.342Z] info: Fetching profile with id: 63459833de8fb2509f5da9dd
[2022-11-10T18:34:54.352Z] info: Fetcing contact requests from id: 63459833de8fb2509f5da9dd
[2022-11-10T18:34:55.015Z] info: New profile created with id: 636d444e8548679a6022cf68
[2022-11-10T18:35:22.230Z] info: Profile updated with id: 63459833de8fb2509f5da9dd
[2022-11-10T18:35:22.424Z] info: Fetching profile with id: 63459833de8fb2509f5da9dd
[2022-11-10T18:35:22.427Z] info: Fetching profile with id: 63459833de8fb2509f5da9dd
[2022-11-10T18:35:22.429Z] info: Fetching profile with id: 63459833de8fb2509f5da9dd
[2022-11-10T18:35:22.444Z] info: Fetcing contact requests from id: 63459833de8fb2509f5da9dd
[2022-11-10T18:35:36.865Z] info: Profile updated with id: 63459845de8fb2509f5da9e1
[2022-11-10T18:35:37.060Z] info: Fetching profile with id: 63459845de8fb2509f5da9e1
[2022-11-10T18:35:37.063Z] info: Fetching profile with id: 63459845de8fb2509f5da9e1
[2022-11-10T18:35:37.065Z] info: Fetching profile with id: 63459845de8fb2509f5da9e1
[2022-11-10T18:35:37.072Z] info: Fetcing contact requests from id: 63459845de8fb2509f5da9e1
[2022-11-10T18:37:06.763Z] info: Profile updated with id: 63459833de8fb2509f5da9dd
[2022-11-10T18:37:08.792Z] info: Fetching profile with id: 63459833de8fb2509f5da9dd
[2022-11-10T18:37:08.939Z] info: Profile updated with id: 63459833de8fb2509f5da9dd
[2022-11-10T18:37:12.010Z] info: Fetching profile with id: 63459833de8fb2509f5da9dd
[2022-11-10T18:37:12.156Z] info: Profile updated with id: 63459833de8fb2509f5da9dd
[2022-11-10T18:37:13.073Z] info: Fetching profile with id: 63459833de8fb2509f5da9dd
[2022-11-10T18:37:13.235Z] info: Profile updated with id: 63459833de8fb2509f5da9dd
[2022-11-10T18:37:14.390Z] info: Fetching profile with id: 63459833de8fb2509f5da9dd
[2022-11-10T18:37:14.491Z] info: Profile updated with id: 63459833de8fb2509f5da9dd
[2022-11-10T18:38:19.380Z] info: Fetching profile with id: 63459833de8fb2509f5da9dd
[2022-11-10T18:38:19.484Z] info: Profile updated with id: 63459833de8fb2509f5da9dd
[2022-11-10T18:38:32.855Z] info: Fetching profile with id: 63459833de8fb2509f5da9dd
[2022-11-10T18:38:32.913Z] info: Fetching profile with id: 63459833de8fb2509f5da9dd
[2022-11-10T18:38:32.918Z] info: Fetcing contacts from id: 63459833de8fb2509f5da9dd
[2022-11-10T18:38:33.153Z] info: Fetching profile with id: 63459833de8fb2509f5da9dd
[2022-11-10T18:38:33.479Z] info: Fetching profile with id: 63459833de8fb2509f5da9dd
[2022-11-10T18:38:33.481Z] info: Fetching profile with id: 63459833de8fb2509f5da9dd
[2022-11-10T18:38:33.489Z] info: Fetcing contact requests from id: 63459833de8fb2509f5da9dd
[2022-11-10T18:38:50.456Z] info: Profile updated with id: 63459845de8fb2509f5da9e1
[2022-11-10T18:38:50.666Z] info: Fetching profile with id: 63459845de8fb2509f5da9e1
[2022-11-10T18:38:50.971Z] info: Fetching profile with id: 63459845de8fb2509f5da9e1
[2022-11-10T18:38:50.973Z] info: Fetching profile with id: 63459845de8fb2509f5da9e1
[2022-11-10T18:38:50.978Z] info: Fetcing contact requests from id: 63459845de8fb2509f5da9e1
[2022-11-10T18:43:40.514Z] info: Profile updated with id: 63459833de8fb2509f5da9dd
[2022-11-10T18:43:42.082Z] info: Fetching profile with id: 63459833de8fb2509f5da9dd
[2022-11-10T18:43:42.187Z] info: Profile updated with id: 63459833de8fb2509f5da9dd
[2022-11-10T18:43:44.654Z] info: Fetching profile with id: 63459833de8fb2509f5da9dd
[2022-11-10T18:43:44.790Z] info: Profile updated with id: 63459833de8fb2509f5da9dd
[2022-11-10T18:54:25.505Z] info: Fetching profile with id: 63459833de8fb2509f5da9dd
[2022-11-10T18:54:25.604Z] info: Profile updated with id: 63459833de8fb2509f5da9dd
[2022-11-10T19:39:25.368Z] info: Fetching profile with id: 63459833de8fb2509f5da9dd
[2022-11-10T19:39:25.379Z] info: Fetching profile with id: 63459833de8fb2509f5da9dd
[2022-11-10T19:39:25.642Z] info: Fetching profile with id: 63459833de8fb2509f5da9dd
[2022-11-10T19:39:26.614Z] info: Fetching profile with id: 63459833de8fb2509f5da9dd
[2022-11-10T19:39:27.627Z] info: Fetching profile with id: 63459833de8fb2509f5da9dd
[2022-11-10T19:39:28.615Z] info: Fetching profile with id: 63459833de8fb2509f5da9dd
[2022-11-10T19:39:29.616Z] info: Fetching profile with id: 63459833de8fb2509f5da9dd
[2022-11-10T19:39:30.620Z] info: Fetching profile with id: 63459833de8fb2509f5da9dd
[2022-11-10T19:39:31.617Z] info: Fetching profile with id: 63459833de8fb2509f5da9dd
[2022-11-10T19:39:32.618Z] info: Fetching profile with id: 63459833de8fb2509f5da9dd
[2022-11-10T19:39:33.632Z] info: Fetching profile with id: 63459833de8fb2509f5da9dd
[2022-11-10T19:39:34.621Z] info: Fetching profile with id: 63459833de8fb2509f5da9dd
[2022-11-10T19:39:35.616Z] info: Fetching profile with id: 63459833de8fb2509f5da9dd
[2022-11-10T19:39:36.616Z] info: Fetching profile with id: 63459833de8fb2509f5da9dd
[2022-11-10T19:39:37.622Z] info: Fetching profile with id: 63459833de8fb2509f5da9dd
[2022-11-10T19:39:38.618Z] info: Fetching profile with id: 63459833de8fb2509f5da9dd
[2022-11-10T19:39:39.609Z] info: Fetching profile with id: 63459833de8fb2509f5da9dd
[2022-11-10T19:39:40.616Z] info: Fetching profile with id: 63459833de8fb2509f5da9dd
[2022-11-10T19:39:41.628Z] info: Fetching profile with id: 63459833de8fb2509f5da9dd
[2022-11-10T19:39:42.628Z] info: Fetching profile with id: 63459833de8fb2509f5da9dd
[2022-11-10T19:39:43.611Z] info: Fetching profile with id: 63459833de8fb2509f5da9dd
[2022-11-10T19:39:46.000Z] info: Fetching profile with id: 63459833de8fb2509f5da9dd
[2022-11-10T19:39:46.002Z] info: Fetching profile with id: 63459833de8fb2509f5da9dd
[2022-11-10T19:39:46.642Z] info: Fetching profile with id: 63459833de8fb2509f5da9dd
[2022-11-10T19:39:47.627Z] info: Fetching profile with id: 63459833de8fb2509f5da9dd
[2022-11-10T19:39:48.624Z] info: Fetching profile with id: 63459833de8fb2509f5da9dd
[2022-11-10T19:39:49.624Z] info: Fetching profile with id: 63459833de8fb2509f5da9dd
[2022-11-10T19:39:50.617Z] info: Fetching profile with id: 63459833de8fb2509f5da9dd
[2022-11-10T19:39:52.534Z] info: Fetching profile with id: 63459833de8fb2509f5da9dd
[2022-11-10T19:39:52.630Z] info: Fetching profile with id: 63459833de8fb2509f5da9dd
[2022-11-10T19:39:53.607Z] info: Fetching profile with id: 63459833de8fb2509f5da9dd
[2022-11-10T19:39:54.617Z] info: Fetching profile with id: 63459833de8fb2509f5da9dd
[2022-11-10T19:39:55.609Z] info: Fetching profile with id: 63459833de8fb2509f5da9dd
[2022-11-10T19:39:56.621Z] info: Fetching profile with id: 63459833de8fb2509f5da9dd
[2022-11-10T19:43:08.194Z] info: Fetching profile with id: 63459833de8fb2509f5da9dd
[2022-11-10T19:43:09.159Z] info: Fetching profile with id: 63459833de8fb2509f5da9dd
[2022-11-10T19:43:10.152Z] info: Fetching profile with id: 63459833de8fb2509f5da9dd
[2022-11-10T19:43:11.153Z] info: Fetching profile with id: 63459833de8fb2509f5da9dd
[2022-11-10T19:43:12.153Z] info: Fetching profile with id: 63459833de8fb2509f5da9dd
[2022-11-10T19:43:13.161Z] info: Fetching profile with id: 63459833de8fb2509f5da9dd
[2022-11-10T19:43:14.155Z] info: Fetching profile with id: 63459833de8fb2509f5da9dd
[2022-11-10T19:43:15.157Z] info: Fetching profile with id: 63459833de8fb2509f5da9dd
[2022-11-10T19:43:16.161Z] info: Fetching profile with id: 63459833de8fb2509f5da9dd
[2022-11-10T19:43:17.154Z] info: Fetching profile with id: 63459833de8fb2509f5da9dd
[2022-11-10T19:43:18.166Z] info: Fetching profile with id: 63459833de8fb2509f5da9dd
[2022-11-10T19:43:19.163Z] info: Fetching profile with id: 63459833de8fb2509f5da9dd
[2022-11-10T19:43:19.539Z] info: Fetching profile with id: 63459833de8fb2509f5da9dd
[2022-11-10T19:43:20.178Z] info: Fetching profile with id: 63459833de8fb2509f5da9dd
[2022-11-10T19:43:21.178Z] info: Fetching profile with id: 63459833de8fb2509f5da9dd
[2022-11-10T19:43:22.179Z] info: Fetching profile with id: 63459833de8fb2509f5da9dd
[2022-11-10T19:43:23.153Z] info: Fetching profile with id: 63459833de8fb2509f5da9dd
[2022-11-10T19:43:24.161Z] info: Fetching profile with id: 63459833de8fb2509f5da9dd
[2022-11-10T19:43:25.196Z] info: Fetching profile with id: 63459833de8fb2509f5da9dd
[2022-11-10T19:43:26.156Z] info: Fetching profile with id: 63459833de8fb2509f5da9dd
[2022-11-10T19:43:27.151Z] info: Fetching profile with id: 63459833de8fb2509f5da9dd
[2022-11-10T19:43:29.929Z] info: Fetching profile with id: 63459833de8fb2509f5da9dd
[2022-11-10T19:43:30.957Z] info: Fetching profile with id: 63459833de8fb2509f5da9dd
[2022-11-10T19:43:31.956Z] info: Fetching profile with id: 63459833de8fb2509f5da9dd
[2022-11-10T19:43:32.974Z] info: Fetching profile with id: 63459833de8fb2509f5da9dd
[2022-11-10T19:43:33.958Z] info: Fetching profile with id: 63459833de8fb2509f5da9dd
[2022-11-10T19:43:34.979Z] info: Fetching profile with id: 63459833de8fb2509f5da9dd
[2022-11-10T19:43:35.968Z] info: Fetching profile with id: 63459833de8fb2509f5da9dd
[2022-11-10T19:43:36.958Z] info: Fetching profile with id: 63459833de8fb2509f5da9dd
[2022-11-10T19:43:37.957Z] info: Fetching profile with id: 63459833de8fb2509f5da9dd
[2022-11-10T19:43:38.979Z] info: Fetching profile with id: 63459833de8fb2509f5da9dd
[2022-11-10T19:43:39.958Z] info: Fetching profile with id: 63459833de8fb2509f5da9dd
[2022-11-10T19:43:40.962Z] info: Fetching profile with id: 63459833de8fb2509f5da9dd
[2022-11-10T19:43:41.962Z] info: Fetching profile with id: 63459833de8fb2509f5da9dd
[2022-11-10T19:43:42.963Z] info: Fetching profile with id: 63459833de8fb2509f5da9dd
[2022-11-10T19:43:43.949Z] info: Fetching profile with id: 63459833de8fb2509f5da9dd
[2022-11-10T19:43:44.953Z] info: Fetching profile with id: 63459833de8fb2509f5da9dd
[2022-11-10T19:43:45.962Z] info: Fetching profile with id: 63459833de8fb2509f5da9dd
[2022-11-10T19:43:55.554Z] info: Fetching profile with id: 63459833de8fb2509f5da9dd
[2022-11-10T19:43:56.570Z] info: Fetching profile with id: 63459833de8fb2509f5da9dd
[2022-11-10T19:43:57.669Z] info: Fetching profile with id: 63459833de8fb2509f5da9dd
[2022-11-10T19:44:06.220Z] info: Fetching profile with id: 63459833de8fb2509f5da9dd
[2022-11-10T19:44:07.225Z] info: Fetching profile with id: 63459833de8fb2509f5da9dd
[2022-11-10T19:44:07.444Z] info: Fetching profile with id: 63459833de8fb2509f5da9dd
[2022-11-10T19:44:08.240Z] info: Fetching profile with id: 63459833de8fb2509f5da9dd
[2022-11-10T19:44:09.226Z] info: Fetching profile with id: 63459833de8fb2509f5da9dd
[2022-11-10T19:44:10.255Z] info: Fetching profile with id: 63459833de8fb2509f5da9dd
[2022-11-10T19:44:11.233Z] info: Fetching profile with id: 63459833de8fb2509f5da9dd
[2022-11-10T19:44:12.220Z] info: Fetching profile with id: 63459833de8fb2509f5da9dd
[2022-11-10T19:44:13.221Z] info: Fetching profile with id: 63459833de8fb2509f5da9dd
[2022-11-10T19:44:14.230Z] info: Fetching profile with id: 63459833de8fb2509f5da9dd
[2022-11-10T19:44:15.219Z] info: Fetching profile with id: 63459833de8fb2509f5da9dd
[2022-11-10T19:44:16.253Z] info: Fetching profile with id: 63459833de8fb2509f5da9dd
[2022-11-10T19:44:17.238Z] info: Fetching profile with id: 63459833de8fb2509f5da9dd
[2022-11-10T19:44:18.236Z] info: Fetching profile with id: 63459833de8fb2509f5da9dd
[2022-11-10T19:44:19.230Z] info: Fetching profile with id: 63459833de8fb2509f5da9dd
[2022-11-10T19:44:19.957Z] info: Fetching profile with id: 63459833de8fb2509f5da9dd
[2022-11-10T19:44:20.322Z] info: Fetching profile with id: 63459833de8fb2509f5da9dd
[2022-11-10T19:44:21.234Z] info: Fetching profile with id: 63459833de8fb2509f5da9dd
[2022-11-10T19:44:22.237Z] info: Fetching profile with id: 63459833de8fb2509f5da9dd
[2022-11-10T19:44:23.235Z] info: Fetching profile with id: 63459833de8fb2509f5da9dd
[2022-11-10T19:44:24.237Z] info: Fetching profile with id: 63459833de8fb2509f5da9dd
[2022-11-10T19:44:25.240Z] info: Fetching profile with id: 63459833de8fb2509f5da9dd
[2022-11-10T19:44:26.242Z] info: Fetching profile with id: 63459833de8fb2509f5da9dd
[2022-11-10T19:44:27.233Z] info: Fetching profile with id: 63459833de8fb2509f5da9dd
[2022-11-10T19:44:28.226Z] info: Fetching profile with id: 63459833de8fb2509f5da9dd
[2022-11-10T19:44:29.236Z] info: Fetching profile with id: 63459833de8fb2509f5da9dd
[2022-11-10T19:44:30.222Z] info: Fetching profile with id: 63459833de8fb2509f5da9dd
[2022-11-10T19:44:31.224Z] info: Fetching profile with id: 63459833de8fb2509f5da9dd
[2022-11-10T19:44:32.219Z] info: Fetching profile with id: 63459833de8fb2509f5da9dd
[2022-11-10T19:44:33.246Z] info: Fetching profile with id: 63459833de8fb2509f5da9dd
[2022-11-10T19:44:34.232Z] info: Fetching profile with id: 63459833de8fb2509f5da9dd
[2022-11-10T19:44:35.235Z] info: Fetching profile with id: 63459833de8fb2509f5da9dd
[2022-11-10T19:44:36.235Z] info: Fetching profile with id: 63459833de8fb2509f5da9dd
[2022-11-10T19:44:37.222Z] info: Fetching profile with id: 63459833de8fb2509f5da9dd
[2022-11-10T19:44:38.237Z] info: Fetching profile with id: 63459833de8fb2509f5da9dd
[2022-11-10T19:44:39.247Z] info: Fetching profile with id: 63459833de8fb2509f5da9dd
[2022-11-10T19:44:40.239Z] info: Fetching profile with id: 63459833de8fb2509f5da9dd
[2022-11-10T19:44:41.226Z] info: Fetching profile with id: 63459833de8fb2509f5da9dd
[2022-11-10T19:44:42.241Z] info: Fetching profile with id: 63459833de8fb2509f5da9dd
[2022-11-10T19:44:43.226Z] info: Fetching profile with id: 63459833de8fb2509f5da9dd
[2022-11-10T19:44:44.229Z] info: Fetching profile with id: 63459833de8fb2509f5da9dd
[2022-11-10T19:44:45.221Z] info: Fetching profile with id: 63459833de8fb2509f5da9dd
[2022-11-10T19:44:46.227Z] info: Fetching profile with id: 63459833de8fb2509f5da9dd
[2022-11-10T19:44:47.246Z] info: Fetching profile with id: 63459833de8fb2509f5da9dd
[2022-11-10T19:44:48.239Z] info: Fetching profile with id: 63459833de8fb2509f5da9dd
[2022-11-10T19:44:49.228Z] info: Fetching profile with id: 63459833de8fb2509f5da9dd
[2022-11-10T19:44:50.223Z] info: Fetching profile with id: 63459833de8fb2509f5da9dd
[2022-11-10T19:44:51.220Z] info: Fetching profile with id: 63459833de8fb2509f5da9dd
[2022-11-10T19:44:52.227Z] info: Fetching profile with id: 63459833de8fb2509f5da9dd
[2022-11-10T19:44:53.222Z] info: Fetching profile with id: 63459833de8fb2509f5da9dd
[2022-11-10T19:44:54.223Z] info: Fetching profile with id: 63459833de8fb2509f5da9dd
[2022-11-10T19:44:55.235Z] info: Fetching profile with id: 63459833de8fb2509f5da9dd
[2022-11-10T19:44:56.239Z] info: Fetching profile with id: 63459833de8fb2509f5da9dd
[2022-11-10T19:44:57.233Z] info: Fetching profile with id: 63459833de8fb2509f5da9dd
[2022-11-10T19:44:58.238Z] info: Fetching profile with id: 63459833de8fb2509f5da9dd
[2022-11-10T19:44:59.227Z] info: Fetching profile with id: 63459833de8fb2509f5da9dd
[2022-11-10T19:45:00.221Z] info: Fetching profile with id: 63459833de8fb2509f5da9dd
[2022-11-10T19:45:01.226Z] info: Fetching profile with id: 63459833de8fb2509f5da9dd
[2022-11-10T19:45:02.233Z] info: Fetching profile with id: 63459833de8fb2509f5da9dd
[2022-11-10T19:45:03.250Z] info: Fetching profile with id: 63459833de8fb2509f5da9dd
[2022-11-10T19:45:04.223Z] info: Fetching profile with id: 63459833de8fb2509f5da9dd
[2022-11-10T19:45:05.248Z] info: Fetching profile with id: 63459833de8fb2509f5da9dd
[2022-11-10T19:45:06.234Z] info: Fetching profile with id: 63459833de8fb2509f5da9dd
[2022-11-10T19:45:07.222Z] info: Fetching profile with id: 63459833de8fb2509f5da9dd
[2022-11-10T19:45:08.220Z] info: Fetching profile with id: 63459833de8fb2509f5da9dd
[2022-11-10T19:45:09.221Z] info: Fetching profile with id: 63459833de8fb2509f5da9dd
[2022-11-10T19:45:10.223Z] info: Fetching profile with id: 63459833de8fb2509f5da9dd
[2022-11-10T19:45:11.224Z] info: Fetching profile with id: 63459833de8fb2509f5da9dd
[2022-11-10T19:45:12.248Z] info: Fetching profile with id: 63459833de8fb2509f5da9dd
[2022-11-10T19:45:13.229Z] info: Fetching profile with id: 63459833de8fb2509f5da9dd
[2022-11-10T19:45:14.230Z] info: Fetching profile with id: 63459833de8fb2509f5da9dd
[2022-11-10T19:45:15.230Z] info: Fetching profile with id: 63459833de8fb2509f5da9dd
[2022-11-10T19:45:16.227Z] info: Fetching profile with id: 63459833de8fb2509f5da9dd
[2022-11-10T19:45:17.243Z] info: Fetching profile with id: 63459833de8fb2509f5da9dd
[2022-11-10T19:45:18.244Z] info: Fetching profile with id: 63459833de8fb2509f5da9dd
[2022-11-10T19:45:19.227Z] info: Fetching profile with id: 63459833de8fb2509f5da9dd
[2022-11-10T19:45:20.234Z] info: Fetching profile with id: 63459833de8fb2509f5da9dd
[2022-11-10T19:45:21.223Z] info: Fetching profile with id: 63459833de8fb2509f5da9dd
[2022-11-10T19:45:22.236Z] info: Fetching profile with id: 63459833de8fb2509f5da9dd
[2022-11-10T19:45:24.573Z] info: Fetching profile with id: 63459833de8fb2509f5da9dd
[2022-11-10T19:45:24.636Z] info: Fetching profile with id: 63459833de8fb2509f5da9dd
[2022-11-10T19:45:25.237Z] info: Fetching profile with id: 63459833de8fb2509f5da9dd
[2022-11-10T19:45:26.228Z] info: Fetching profile with id: 63459833de8fb2509f5da9dd
[2022-11-10T19:45:27.224Z] info: Fetching profile with id: 63459833de8fb2509f5da9dd
[2022-11-10T19:45:28.231Z] info: Fetching profile with id: 63459833de8fb2509f5da9dd
[2022-11-10T19:45:29.226Z] info: Fetching profile with id: 63459833de8fb2509f5da9dd
[2022-11-10T19:45:30.235Z] info: Fetching profile with id: 63459833de8fb2509f5da9dd
[2022-11-10T19:45:31.223Z] info: Fetching profile with id: 63459833de8fb2509f5da9dd
[2022-11-10T19:45:32.235Z] info: Fetching profile with id: 63459833de8fb2509f5da9dd
[2022-11-10T19:45:33.240Z] info: Fetching profile with id: 63459833de8fb2509f5da9dd
[2022-11-10T19:45:34.237Z] info: Fetching profile with id: 63459833de8fb2509f5da9dd
[2022-11-10T19:45:35.231Z] info: Fetching profile with id: 63459833de8fb2509f5da9dd
[2022-11-10T19:45:36.224Z] info: Fetching profile with id: 63459833de8fb2509f5da9dd
[2022-11-10T19:45:37.256Z] info: Fetching profile with id: 63459833de8fb2509f5da9dd
[2022-11-10T19:45:38.224Z] info: Fetching profile with id: 63459833de8fb2509f5da9dd
[2022-11-10T19:45:39.248Z] info: Fetching profile with id: 63459833de8fb2509f5da9dd
[2022-11-10T19:45:40.235Z] info: Fetching profile with id: 63459833de8fb2509f5da9dd
[2022-11-10T19:45:41.244Z] info: Fetching profile with id: 63459833de8fb2509f5da9dd
[2022-11-10T19:45:42.220Z] info: Fetching profile with id: 63459833de8fb2509f5da9dd
[2022-11-10T19:45:43.225Z] info: Fetching profile with id: 63459833de8fb2509f5da9dd
[2022-11-10T19:45:44.225Z] info: Fetching profile with id: 63459833de8fb2509f5da9dd
[2022-11-10T19:45:45.229Z] info: Fetching profile with id: 63459833de8fb2509f5da9dd
[2022-11-10T19:45:46.243Z] info: Fetching profile with id: 63459833de8fb2509f5da9dd
[2022-11-10T19:45:47.237Z] info: Fetching profile with id: 63459833de8fb2509f5da9dd
[2022-11-10T19:45:48.223Z] info: Fetching profile with id: 63459833de8fb2509f5da9dd
[2022-11-10T19:45:49.222Z] info: Fetching profile with id: 63459833de8fb2509f5da9dd
[2022-11-10T19:45:50.234Z] info: Fetching profile with id: 63459833de8fb2509f5da9dd
[2022-11-10T19:45:51.246Z] info: Fetching profile with id: 63459833de8fb2509f5da9dd
[2022-11-10T19:45:52.253Z] info: Fetching profile with id: 63459833de8fb2509f5da9dd
[2022-11-10T19:45:53.227Z] info: Fetching profile with id: 63459833de8fb2509f5da9dd
[2022-11-10T19:45:54.236Z] info: Fetching profile with id: 63459833de8fb2509f5da9dd
[2022-11-10T19:45:55.221Z] info: Fetching profile with id: 63459833de8fb2509f5da9dd
[2022-11-10T19:45:56.247Z] info: Fetching profile with id: 63459833de8fb2509f5da9dd
[2022-11-10T19:45:57.224Z] info: Fetching profile with id: 63459833de8fb2509f5da9dd
[2022-11-10T19:45:58.223Z] info: Fetching profile with id: 63459833de8fb2509f5da9dd
[2022-11-10T19:45:59.237Z] info: Fetching profile with id: 63459833de8fb2509f5da9dd
[2022-11-10T19:46:00.237Z] info: Fetching profile with id: 63459833de8fb2509f5da9dd
[2022-11-10T19:46:01.226Z] info: Fetching profile with id: 63459833de8fb2509f5da9dd
[2022-11-10T19:46:02.235Z] info: Fetching profile with id: 63459833de8fb2509f5da9dd
[2022-11-10T19:46:03.225Z] info: Fetching profile with id: 63459833de8fb2509f5da9dd
[2022-11-10T19:46:04.244Z] info: Fetching profile with id: 63459833de8fb2509f5da9dd
[2022-11-10T19:46:05.222Z] info: Fetching profile with id: 63459833de8fb2509f5da9dd
[2022-11-10T19:46:06.231Z] info: Fetching profile with id: 63459833de8fb2509f5da9dd
[2022-11-10T19:46:07.234Z] info: Fetching profile with id: 63459833de8fb2509f5da9dd
[2022-11-10T19:46:08.233Z] info: Fetching profile with id: 63459833de8fb2509f5da9dd
[2022-11-10T19:46:09.236Z] info: Fetching profile with id: 63459833de8fb2509f5da9dd
[2022-11-10T19:46:10.226Z] info: Fetching profile with id: 63459833de8fb2509f5da9dd
[2022-11-10T19:46:11.229Z] info: Fetching profile with id: 63459833de8fb2509f5da9dd
[2022-11-10T19:46:12.242Z] info: Fetching profile with id: 63459833de8fb2509f5da9dd
[2022-11-10T19:46:13.239Z] info: Fetching profile with id: 63459833de8fb2509f5da9dd
[2022-11-10T19:46:14.232Z] info: Fetching profile with id: 63459833de8fb2509f5da9dd
[2022-11-10T19:46:15.235Z] info: Fetching profile with id: 63459833de8fb2509f5da9dd
[2022-11-10T19:46:16.233Z] info: Fetching profile with id: 63459833de8fb2509f5da9dd
[2022-11-10T19:46:17.234Z] info: Fetching profile with id: 63459833de8fb2509f5da9dd
[2022-11-10T19:46:18.234Z] info: Fetching profile with id: 63459833de8fb2509f5da9dd
[2022-11-10T19:46:19.227Z] info: Fetching profile with id: 63459833de8fb2509f5da9dd
[2022-11-10T19:46:20.224Z] info: Fetching profile with id: 63459833de8fb2509f5da9dd
[2022-11-10T19:46:21.222Z] info: Fetching profile with id: 63459833de8fb2509f5da9dd
[2022-11-10T19:46:22.223Z] info: Fetching profile with id: 63459833de8fb2509f5da9dd
[2022-11-10T19:46:23.233Z] info: Fetching profile with id: 63459833de8fb2509f5da9dd
[2022-11-10T19:46:24.221Z] info: Fetching profile with id: 63459833de8fb2509f5da9dd
[2022-11-10T19:46:25.246Z] info: Fetching profile with id: 63459833de8fb2509f5da9dd
[2022-11-10T19:46:27.566Z] info: Fetching profile with id: 63459833de8fb2509f5da9dd
[2022-11-10T19:46:27.567Z] info: Fetching profile with id: 63459833de8fb2509f5da9dd
[2022-11-10T19:46:28.251Z] info: Fetching profile with id: 63459833de8fb2509f5da9dd
[2022-11-10T19:46:29.306Z] info: Fetching profile with id: 63459833de8fb2509f5da9dd
[2022-11-10T19:46:30.237Z] info: Fetching profile with id: 63459833de8fb2509f5da9dd
[2022-11-10T19:46:31.242Z] info: Fetching profile with id: 63459833de8fb2509f5da9dd
[2022-11-10T19:46:32.221Z] info: Fetching profile with id: 63459833de8fb2509f5da9dd
[2022-11-10T19:46:33.298Z] info: Fetching profile with id: 63459833de8fb2509f5da9dd
[2022-11-10T19:46:34.699Z] info: Fetching profile with id: 63459833de8fb2509f5da9dd
[2022-11-10T19:46:35.757Z] info: Fetching profile with id: 63459833de8fb2509f5da9dd
[2022-11-10T19:46:35.816Z] info: Fetching profile with id: 63459833de8fb2509f5da9dd
[2022-11-10T19:46:36.726Z] info: Fetching profile with id: 63459833de8fb2509f5da9dd
[2022-11-10T19:46:37.714Z] info: Fetching profile with id: 63459833de8fb2509f5da9dd
[2022-11-10T19:46:38.703Z] info: Fetching profile with id: 63459833de8fb2509f5da9dd
[2022-11-10T19:46:39.700Z] info: Fetching profile with id: 63459833de8fb2509f5da9dd
[2022-11-10T19:46:40.708Z] info: Fetching profile with id: 63459833de8fb2509f5da9dd
[2022-11-10T19:46:41.705Z] info: Fetching profile with id: 63459833de8fb2509f5da9dd
[2022-11-10T19:46:42.699Z] info: Fetching profile with id: 63459833de8fb2509f5da9dd
[2022-11-10T19:46:43.712Z] info: Fetching profile with id: 63459833de8fb2509f5da9dd
[2022-11-10T19:46:44.699Z] info: Fetching profile with id: 63459833de8fb2509f5da9dd
[2022-11-10T19:46:45.160Z] info: Fetching profile with id: 63459833de8fb2509f5da9dd
[2022-11-10T19:46:45.709Z] info: Fetching profile with id: 63459833de8fb2509f5da9dd
[2022-11-10T19:46:46.828Z] info: Fetching profile with id: 63459833de8fb2509f5da9dd
[2022-11-10T19:47:02.045Z] info: Fetching profile with id: 63459833de8fb2509f5da9dd
[2022-11-10T19:47:03.141Z] info: Fetching profile with id: 63459833de8fb2509f5da9dd
[2022-11-10T19:47:04.064Z] info: Fetching profile with id: 63459833de8fb2509f5da9dd
[2022-11-10T19:47:04.710Z] info: Fetching profile with id: 63459833de8fb2509f5da9dd
[2022-11-10T19:47:05.072Z] info: Fetching profile with id: 63459833de8fb2509f5da9dd
[2022-11-10T19:47:06.061Z] info: Fetching profile with id: 63459833de8fb2509f5da9dd
[2022-11-10T19:47:10.493Z] info: Fetching profile with id: 63459833de8fb2509f5da9dd
[2022-11-10T19:47:11.495Z] info: Fetching profile with id: 63459833de8fb2509f5da9dd
[2022-11-10T19:47:11.732Z] info: Fetching profile with id: 63459833de8fb2509f5da9dd
[2022-11-10T19:47:12.507Z] info: Fetching profile with id: 63459833de8fb2509f5da9dd
[2022-11-10T19:47:13.059Z] info: Fetching profile with id: 63459833de8fb2509f5da9dd
[2022-11-10T19:47:13.492Z] info: Fetching profile with id: 63459833de8fb2509f5da9dd
[2022-11-10T19:47:14.495Z] info: Fetching profile with id: 63459833de8fb2509f5da9dd
[2022-11-10T19:47:15.495Z] info: Fetching profile with id: 63459833de8fb2509f5da9dd
[2022-11-10T19:47:16.508Z] info: Fetching profile with id: 63459833de8fb2509f5da9dd
[2022-11-10T19:47:17.502Z] info: Fetching profile with id: 63459833de8fb2509f5da9dd
[2022-11-10T19:47:18.494Z] info: Fetching profile with id: 63459833de8fb2509f5da9dd
[2022-11-10T19:47:19.512Z] info: Fetching profile with id: 63459833de8fb2509f5da9dd
[2022-11-10T19:47:20.520Z] info: Fetching profile with id: 63459833de8fb2509f5da9dd
[2022-11-10T19:47:21.504Z] info: Fetching profile with id: 63459833de8fb2509f5da9dd
[2022-11-10T19:47:22.492Z] info: Fetching profile with id: 63459833de8fb2509f5da9dd
[2022-11-10T19:47:23.510Z] info: Fetching profile with id: 63459833de8fb2509f5da9dd
[2022-11-10T19:47:24.509Z] info: Fetching profile with id: 63459833de8fb2509f5da9dd
[2022-11-10T19:47:25.528Z] info: Fetching profile with id: 63459833de8fb2509f5da9dd
[2022-11-10T19:47:26.495Z] info: Fetching profile with id: 63459833de8fb2509f5da9dd
[2022-11-10T19:47:27.505Z] info: Fetching profile with id: 63459833de8fb2509f5da9dd
[2022-11-10T19:47:31.237Z] info: Fetching profile with id: 63459833de8fb2509f5da9dd
[2022-11-10T19:47:32.241Z] info: Fetching profile with id: 63459833de8fb2509f5da9dd
[2022-11-10T19:47:33.254Z] info: Fetching profile with id: 63459833de8fb2509f5da9dd
[2022-11-10T19:47:34.242Z] info: Fetching profile with id: 63459833de8fb2509f5da9dd
[2022-11-10T19:47:35.234Z] info: Fetching profile with id: 63459833de8fb2509f5da9dd
[2022-11-10T19:47:36.234Z] info: Fetching profile with id: 63459833de8fb2509f5da9dd
[2022-11-10T19:47:37.234Z] info: Fetching profile with id: 63459833de8fb2509f5da9dd
[2022-11-10T19:47:38.227Z] info: Fetching profile with id: 63459833de8fb2509f5da9dd
[2022-11-10T19:47:39.230Z] info: Fetching profile with id: 63459833de8fb2509f5da9dd
[2022-11-10T19:47:40.237Z] info: Fetching profile with id: 63459833de8fb2509f5da9dd
[2022-11-10T19:47:41.228Z] info: Fetching profile with id: 63459833de8fb2509f5da9dd
[2022-11-10T19:47:42.226Z] info: Fetching profile with id: 63459833de8fb2509f5da9dd
[2022-11-10T19:47:43.226Z] info: Fetching profile with id: 63459833de8fb2509f5da9dd
[2022-11-10T19:47:44.240Z] info: Fetching profile with id: 63459833de8fb2509f5da9dd
[2022-11-10T19:47:45.233Z] info: Fetching profile with id: 63459833de8fb2509f5da9dd
[2022-11-10T19:47:46.227Z] info: Fetching profile with id: 63459833de8fb2509f5da9dd
[2022-11-10T19:47:47.222Z] info: Fetching profile with id: 63459833de8fb2509f5da9dd
[2022-11-10T19:47:48.786Z] info: Fetching profile with id: 63459833de8fb2509f5da9dd
[2022-11-10T19:47:49.236Z] info: Fetching profile with id: 63459833de8fb2509f5da9dd
[2022-11-10T19:47:50.227Z] info: Fetching profile with id: 63459833de8fb2509f5da9dd
[2022-11-10T19:47:51.246Z] info: Fetching profile with id: 63459833de8fb2509f5da9dd
[2022-11-10T19:47:52.230Z] info: Fetching profile with id: 63459833de8fb2509f5da9dd
[2022-11-10T19:47:53.248Z] info: Fetching profile with id: 63459833de8fb2509f5da9dd
[2022-11-10T19:47:54.224Z] info: Fetching profile with id: 63459833de8fb2509f5da9dd
[2022-11-10T19:47:55.233Z] info: Fetching profile with id: 63459833de8fb2509f5da9dd
[2022-11-10T19:47:56.225Z] info: Fetching profile with id: 63459833de8fb2509f5da9dd
[2022-11-10T19:47:57.234Z] info: Fetching profile with id: 63459833de8fb2509f5da9dd
[2022-11-10T19:47:58.222Z] info: Fetching profile with id: 63459833de8fb2509f5da9dd
[2022-11-10T19:48:00.855Z] info: Fetching profile with id: 63459833de8fb2509f5da9dd
[2022-11-10T19:48:00.857Z] info: Fetching profile with id: 63459833de8fb2509f5da9dd
[2022-11-10T19:48:01.251Z] info: Fetching profile with id: 63459833de8fb2509f5da9dd
[2022-11-10T19:48:02.235Z] info: Fetching profile with id: 63459833de8fb2509f5da9dd
[2022-11-10T19:48:03.240Z] info: Fetching profile with id: 63459833de8fb2509f5da9dd
[2022-11-10T19:48:04.224Z] info: Fetching profile with id: 63459833de8fb2509f5da9dd
[2022-11-10T19:48:05.244Z] info: Fetching profile with id: 63459833de8fb2509f5da9dd
[2022-11-10T19:48:06.226Z] info: Fetching profile with id: 63459833de8fb2509f5da9dd
[2022-11-10T19:48:07.244Z] info: Fetching profile with id: 63459833de8fb2509f5da9dd
[2022-11-10T19:48:08.222Z] info: Fetching profile with id: 63459833de8fb2509f5da9dd
[2022-11-10T19:48:09.241Z] info: Fetching profile with id: 63459833de8fb2509f5da9dd
[2022-11-10T19:48:10.541Z] info: Fetching profile with id: 63459833de8fb2509f5da9dd
[2022-11-10T19:48:30.224Z] info: Fetching profile with id: 63459833de8fb2509f5da9dd
[2022-11-10T19:48:31.228Z] info: Fetching profile with id: 63459833de8fb2509f5da9dd
[2022-11-10T19:48:31.663Z] info: Fetching profile with id: 63459833de8fb2509f5da9dd
[2022-11-10T19:48:32.242Z] info: Fetching profile with id: 63459833de8fb2509f5da9dd
[2022-11-10T19:48:33.139Z] info: Fetching profile with id: 63459833de8fb2509f5da9dd
[2022-11-10T19:48:33.396Z] info: Fetching profile with id: 63459833de8fb2509f5da9dd
[2022-11-10T19:48:34.287Z] info: Fetching profile with id: 63459833de8fb2509f5da9dd
[2022-11-10T19:48:34.332Z] info: Fetching profile with id: 63459833de8fb2509f5da9dd
[2022-11-10T19:48:35.244Z] info: Fetching profile with id: 63459833de8fb2509f5da9dd
[2022-11-10T19:48:36.224Z] info: Fetching profile with id: 63459833de8fb2509f5da9dd
[2022-11-10T19:48:37.233Z] info: Fetching profile with id: 63459833de8fb2509f5da9dd
[2022-11-10T19:48:38.240Z] info: Fetching profile with id: 63459833de8fb2509f5da9dd
[2022-11-10T19:48:39.229Z] info: Fetching profile with id: 63459833de8fb2509f5da9dd
[2022-11-10T19:48:40.248Z] info: Fetching profile with id: 63459833de8fb2509f5da9dd
[2022-11-10T19:48:41.227Z] info: Fetching profile with id: 63459833de8fb2509f5da9dd
[2022-11-10T19:48:42.225Z] info: Fetching profile with id: 63459833de8fb2509f5da9dd
[2022-11-10T19:48:44.387Z] info: Fetching profile with id: 63459833de8fb2509f5da9dd
[2022-11-10T19:48:44.389Z] info: Fetching profile with id: 63459833de8fb2509f5da9dd
[2022-11-10T19:48:45.269Z] info: Fetching profile with id: 63459833de8fb2509f5da9dd
[2022-11-10T19:48:46.223Z] info: Fetching profile with id: 63459833de8fb2509f5da9dd
[2022-11-10T19:48:47.238Z] info: Fetching profile with id: 63459833de8fb2509f5da9dd
[2022-11-10T19:48:48.223Z] info: Fetching profile with id: 63459833de8fb2509f5da9dd
[2022-11-10T19:48:49.243Z] info: Fetching profile with id: 63459833de8fb2509f5da9dd
[2022-11-10T19:48:50.223Z] info: Fetching profile with id: 63459833de8fb2509f5da9dd
[2022-11-10T19:48:51.243Z] info: Fetching profile with id: 63459833de8fb2509f5da9dd
[2022-11-10T19:48:53.275Z] info: Fetching profile with id: 63459833de8fb2509f5da9dd
[2022-11-10T19:48:53.276Z] info: Fetching profile with id: 63459833de8fb2509f5da9dd
[2022-11-10T19:48:54.244Z] info: Fetching profile with id: 63459833de8fb2509f5da9dd
[2022-11-10T19:48:55.242Z] info: Fetching profile with id: 63459833de8fb2509f5da9dd
[2022-11-10T19:48:56.250Z] info: Fetching profile with id: 63459833de8fb2509f5da9dd
[2022-11-10T19:48:57.241Z] info: Fetching profile with id: 63459833de8fb2509f5da9dd
[2022-11-10T19:48:58.246Z] info: Fetching profile with id: 63459833de8fb2509f5da9dd
[2022-11-10T19:48:59.248Z] info: Fetching profile with id: 63459833de8fb2509f5da9dd
[2022-11-10T19:49:00.253Z] info: Fetching profile with id: 63459833de8fb2509f5da9dd
[2022-11-10T19:49:01.236Z] info: Fetching profile with id: 63459833de8fb2509f5da9dd
[2022-11-10T19:49:02.233Z] info: Fetching profile with id: 63459833de8fb2509f5da9dd
[2022-11-10T19:49:03.239Z] info: Fetching profile with id: 63459833de8fb2509f5da9dd
[2022-11-10T19:49:04.241Z] info: Fetching profile with id: 63459833de8fb2509f5da9dd
[2022-11-10T19:49:05.237Z] info: Fetching profile with id: 63459833de8fb2509f5da9dd
[2022-11-10T19:49:06.240Z] info: Fetching profile with id: 63459833de8fb2509f5da9dd
[2022-11-10T19:49:07.228Z] info: Fetching profile with id: 63459833de8fb2509f5da9dd
[2022-11-10T19:49:08.241Z] info: Fetching profile with id: 63459833de8fb2509f5da9dd
[2022-11-10T19:49:09.242Z] info: Fetching profile with id: 63459833de8fb2509f5da9dd
[2022-11-10T19:49:10.243Z] info: Fetching profile with id: 63459833de8fb2509f5da9dd
[2022-11-10T19:49:11.236Z] info: Fetching profile with id: 63459833de8fb2509f5da9dd
[2022-11-10T19:49:12.243Z] info: Fetching profile with id: 63459833de8fb2509f5da9dd
[2022-11-10T19:49:13.236Z] info: Fetching profile with id: 63459833de8fb2509f5da9dd
[2022-11-10T19:49:14.249Z] info: Fetching profile with id: 63459833de8fb2509f5da9dd
[2022-11-10T19:49:15.222Z] info: Fetching profile with id: 63459833de8fb2509f5da9dd
[2022-11-10T19:49:16.233Z] info: Fetching profile with id: 63459833de8fb2509f5da9dd
[2022-11-10T19:49:17.222Z] info: Fetching profile with id: 63459833de8fb2509f5da9dd
[2022-11-10T19:49:18.226Z] info: Fetching profile with id: 63459833de8fb2509f5da9dd
[2022-11-10T19:49:19.242Z] info: Fetching profile with id: 63459833de8fb2509f5da9dd
[2022-11-10T19:49:20.237Z] info: Fetching profile with id: 63459833de8fb2509f5da9dd
[2022-11-10T19:49:21.236Z] info: Fetching profile with id: 63459833de8fb2509f5da9dd
[2022-11-10T19:49:22.224Z] info: Fetching profile with id: 63459833de8fb2509f5da9dd
[2022-11-10T19:49:23.239Z] info: Fetching profile with id: 63459833de8fb2509f5da9dd
[2022-11-10T19:49:24.240Z] info: Fetching profile with id: 63459833de8fb2509f5da9dd
[2022-11-10T19:49:25.234Z] info: Fetching profile with id: 63459833de8fb2509f5da9dd
[2022-11-10T19:49:26.242Z] info: Fetching profile with id: 63459833de8fb2509f5da9dd
[2022-11-10T19:49:27.241Z] info: Fetching profile with id: 63459833de8fb2509f5da9dd
[2022-11-10T19:49:28.235Z] info: Fetching profile with id: 63459833de8fb2509f5da9dd
[2022-11-10T19:49:29.235Z] info: Fetching profile with id: 63459833de8fb2509f5da9dd
[2022-11-10T19:49:30.247Z] info: Fetching profile with id: 63459833de8fb2509f5da9dd
[2022-11-10T19:49:31.248Z] info: Fetching profile with id: 63459833de8fb2509f5da9dd
[2022-11-10T19:49:32.223Z] info: Fetching profile with id: 63459833de8fb2509f5da9dd
[2022-11-10T19:49:33.222Z] info: Fetching profile with id: 63459833de8fb2509f5da9dd
[2022-11-10T19:49:34.223Z] info: Fetching profile with id: 63459833de8fb2509f5da9dd
[2022-11-10T19:49:35.250Z] info: Fetching profile with id: 63459833de8fb2509f5da9dd
[2022-11-10T19:49:36.242Z] info: Fetching profile with id: 63459833de8fb2509f5da9dd
[2022-11-10T19:49:37.317Z] info: Fetching profile with id: 63459833de8fb2509f5da9dd
[2022-11-10T19:49:38.238Z] info: Fetching profile with id: 63459833de8fb2509f5da9dd
[2022-11-10T19:49:39.228Z] info: Fetching profile with id: 63459833de8fb2509f5da9dd
[2022-11-10T19:49:40.224Z] info: Fetching profile with id: 63459833de8fb2509f5da9dd
[2022-11-10T19:49:41.236Z] info: Fetching profile with id: 63459833de8fb2509f5da9dd
[2022-11-10T19:49:42.235Z] info: Fetching profile with id: 63459833de8fb2509f5da9dd
[2022-11-10T19:49:43.225Z] info: Fetching profile with id: 63459833de8fb2509f5da9dd
[2022-11-10T19:49:44.234Z] info: Fetching profile with id: 63459833de8fb2509f5da9dd
[2022-11-10T19:49:45.238Z] info: Fetching profile with id: 63459833de8fb2509f5da9dd
[2022-11-10T19:49:46.235Z] info: Fetching profile with id: 63459833de8fb2509f5da9dd
[2022-11-10T19:49:47.236Z] info: Fetching profile with id: 63459833de8fb2509f5da9dd
[2022-11-10T19:49:48.240Z] info: Fetching profile with id: 63459833de8fb2509f5da9dd
[2022-11-10T19:49:49.232Z] info: Fetching profile with id: 63459833de8fb2509f5da9dd
[2022-11-10T19:49:50.235Z] info: Fetching profile with id: 63459833de8fb2509f5da9dd
[2022-11-10T19:49:51.234Z] info: Fetching profile with id: 63459833de8fb2509f5da9dd
[2022-11-10T19:49:52.241Z] info: Fetching profile with id: 63459833de8fb2509f5da9dd
[2022-11-10T19:49:53.229Z] info: Fetching profile with id: 63459833de8fb2509f5da9dd
[2022-11-10T19:49:54.228Z] info: Fetching profile with id: 63459833de8fb2509f5da9dd
[2022-11-10T19:49:55.221Z] info: Fetching profile with id: 63459833de8fb2509f5da9dd
[2022-11-10T19:49:56.237Z] info: Fetching profile with id: 63459833de8fb2509f5da9dd
[2022-11-10T19:49:57.231Z] info: Fetching profile with id: 63459833de8fb2509f5da9dd
[2022-11-10T19:49:58.232Z] info: Fetching profile with id: 63459833de8fb2509f5da9dd
[2022-11-10T19:49:59.233Z] info: Fetching profile with id: 63459833de8fb2509f5da9dd
[2022-11-10T19:50:00.232Z] info: Fetching profile with id: 63459833de8fb2509f5da9dd
[2022-11-10T19:50:01.236Z] info: Fetching profile with id: 63459833de8fb2509f5da9dd
[2022-11-10T19:50:02.223Z] info: Fetching profile with id: 63459833de8fb2509f5da9dd
[2022-11-10T19:50:03.235Z] info: Fetching profile with id: 63459833de8fb2509f5da9dd
[2022-11-10T19:50:04.223Z] info: Fetching profile with id: 63459833de8fb2509f5da9dd
[2022-11-10T19:50:05.227Z] info: Fetching profile with id: 63459833de8fb2509f5da9dd
[2022-11-10T19:50:06.228Z] info: Fetching profile with id: 63459833de8fb2509f5da9dd
[2022-11-10T19:50:07.232Z] info: Fetching profile with id: 63459833de8fb2509f5da9dd
[2022-11-10T19:50:08.228Z] info: Fetching profile with id: 63459833de8fb2509f5da9dd
[2022-11-10T19:50:10.378Z] info: Fetching profile with id: 63459833de8fb2509f5da9dd
[2022-11-10T19:50:10.380Z] info: Fetching profile with id: 63459833de8fb2509f5da9dd
[2022-11-10T19:50:11.229Z] info: Fetching profile with id: 63459833de8fb2509f5da9dd
[2022-11-10T19:50:12.235Z] info: Fetching profile with id: 63459833de8fb2509f5da9dd
[2022-11-10T19:50:13.232Z] info: Fetching profile with id: 63459833de8fb2509f5da9dd
[2022-11-10T19:50:14.235Z] info: Fetching profile with id: 63459833de8fb2509f5da9dd
[2022-11-10T19:50:15.233Z] info: Fetching profile with id: 63459833de8fb2509f5da9dd
[2022-11-10T19:50:16.234Z] info: Fetching profile with id: 63459833de8fb2509f5da9dd
[2022-11-10T19:50:17.231Z] info: Fetching profile with id: 63459833de8fb2509f5da9dd
[2022-11-10T19:50:18.240Z] info: Fetching profile with id: 63459833de8fb2509f5da9dd
[2022-11-10T19:50:19.235Z] info: Fetching profile with id: 63459833de8fb2509f5da9dd
[2022-11-10T19:50:20.244Z] info: Fetching profile with id: 63459833de8fb2509f5da9dd
[2022-11-10T19:50:21.231Z] info: Fetching profile with id: 63459833de8fb2509f5da9dd
[2022-11-10T19:50:22.245Z] info: Fetching profile with id: 63459833de8fb2509f5da9dd
[2022-11-10T19:50:23.242Z] info: Fetching profile with id: 63459833de8fb2509f5da9dd
[2022-11-10T19:50:24.233Z] info: Fetching profile with id: 63459833de8fb2509f5da9dd
[2022-11-10T19:50:25.269Z] info: Fetching profile with id: 63459833de8fb2509f5da9dd
[2022-11-10T19:50:26.232Z] info: Fetching profile with id: 63459833de8fb2509f5da9dd
[2022-11-10T19:50:27.242Z] info: Fetching profile with id: 63459833de8fb2509f5da9dd
[2022-11-10T19:50:28.241Z] info: Fetching profile with id: 63459833de8fb2509f5da9dd
[2022-11-10T19:50:29.247Z] info: Fetching profile with id: 63459833de8fb2509f5da9dd
[2022-11-10T19:50:30.242Z] info: Fetching profile with id: 63459833de8fb2509f5da9dd
[2022-11-10T19:50:31.241Z] info: Fetching profile with id: 63459833de8fb2509f5da9dd
[2022-11-10T19:50:32.229Z] info: Fetching profile with id: 63459833de8fb2509f5da9dd
[2022-11-10T19:50:39.117Z] info: Fetching profile with id: 63459833de8fb2509f5da9dd
[2022-11-10T19:50:39.437Z] info: Fetching profile with id: 63459833de8fb2509f5da9dd
[2022-11-10T19:50:40.235Z] info: Fetching profile with id: 63459833de8fb2509f5da9dd
[2022-11-10T19:50:41.234Z] info: Fetching profile with id: 63459833de8fb2509f5da9dd
[2022-11-10T19:50:42.239Z] info: Fetching profile with id: 63459833de8fb2509f5da9dd
[2022-11-10T19:50:43.243Z] info: Fetching profile with id: 63459833de8fb2509f5da9dd
[2022-11-10T19:50:44.245Z] info: Fetching profile with id: 63459833de8fb2509f5da9dd
[2022-11-10T19:50:45.242Z] info: Fetching profile with id: 63459833de8fb2509f5da9dd
[2022-11-10T19:50:46.230Z] info: Fetching profile with id: 63459833de8fb2509f5da9dd
[2022-11-10T19:50:47.238Z] info: Fetching profile with id: 63459833de8fb2509f5da9dd
[2022-11-10T19:50:48.238Z] info: Fetching profile with id: 63459833de8fb2509f5da9dd
[2022-11-10T19:50:49.227Z] info: Fetching profile with id: 63459833de8fb2509f5da9dd
[2022-11-10T19:50:50.239Z] info: Fetching profile with id: 63459833de8fb2509f5da9dd
[2022-11-10T19:50:51.249Z] info: Fetching profile with id: 63459833de8fb2509f5da9dd
[2022-11-10T19:50:52.227Z] info: Fetching profile with id: 63459833de8fb2509f5da9dd
[2022-11-10T19:50:53.235Z] info: Fetching profile with id: 63459833de8fb2509f5da9dd
[2022-11-10T19:50:54.242Z] info: Fetching profile with id: 63459833de8fb2509f5da9dd
[2022-11-10T19:50:55.241Z] info: Fetching profile with id: 63459833de8fb2509f5da9dd
[2022-11-10T19:50:56.230Z] info: Fetching profile with id: 63459833de8fb2509f5da9dd
[2022-11-10T19:50:57.233Z] info: Fetching profile with id: 63459833de8fb2509f5da9dd
[2022-11-10T19:50:58.244Z] info: Fetching profile with id: 63459833de8fb2509f5da9dd
[2022-11-10T19:50:59.232Z] info: Fetching profile with id: 63459833de8fb2509f5da9dd
[2022-11-10T19:51:00.240Z] info: Fetching profile with id: 63459833de8fb2509f5da9dd
[2022-11-10T19:51:01.230Z] info: Fetching profile with id: 63459833de8fb2509f5da9dd
[2022-11-10T19:51:02.241Z] info: Fetching profile with id: 63459833de8fb2509f5da9dd
[2022-11-10T19:51:03.227Z] info: Fetching profile with id: 63459833de8fb2509f5da9dd
[2022-11-10T19:51:04.230Z] info: Fetching profile with id: 63459833de8fb2509f5da9dd
[2022-11-10T19:51:05.230Z] info: Fetching profile with id: 63459833de8fb2509f5da9dd
[2022-11-10T19:51:06.239Z] info: Fetching profile with id: 63459833de8fb2509f5da9dd
[2022-11-10T19:51:07.226Z] info: Fetching profile with id: 63459833de8fb2509f5da9dd
[2022-11-10T19:51:08.226Z] info: Fetching profile with id: 63459833de8fb2509f5da9dd
[2022-11-10T19:51:09.237Z] info: Fetching profile with id: 63459833de8fb2509f5da9dd
[2022-11-10T19:51:10.239Z] info: Fetching profile with id: 63459833de8fb2509f5da9dd
[2022-11-10T19:51:11.244Z] info: Fetching profile with id: 63459833de8fb2509f5da9dd
[2022-11-10T19:51:12.247Z] info: Fetching profile with id: 63459833de8fb2509f5da9dd
[2022-11-10T19:51:13.239Z] info: Fetching profile with id: 63459833de8fb2509f5da9dd
[2022-11-10T19:51:14.236Z] info: Fetching profile with id: 63459833de8fb2509f5da9dd
[2022-11-10T19:51:15.234Z] info: Fetching profile with id: 63459833de8fb2509f5da9dd
[2022-11-10T19:51:16.242Z] info: Fetching profile with id: 63459833de8fb2509f5da9dd
[2022-11-10T19:51:17.240Z] info: Fetching profile with id: 63459833de8fb2509f5da9dd
[2022-11-10T19:51:18.233Z] info: Fetching profile with id: 63459833de8fb2509f5da9dd
[2022-11-10T19:51:19.242Z] info: Fetching profile with id: 63459833de8fb2509f5da9dd
[2022-11-10T19:51:20.235Z] info: Fetching profile with id: 63459833de8fb2509f5da9dd
[2022-11-10T19:51:21.231Z] info: Fetching profile with id: 63459833de8fb2509f5da9dd
[2022-11-10T19:51:22.234Z] info: Fetching profile with id: 63459833de8fb2509f5da9dd
[2022-11-10T19:51:23.252Z] info: Fetching profile with id: 63459833de8fb2509f5da9dd
[2022-11-10T19:51:24.228Z] info: Fetching profile with id: 63459833de8fb2509f5da9dd
[2022-11-10T19:51:25.228Z] info: Fetching profile with id: 63459833de8fb2509f5da9dd
[2022-11-10T19:51:26.228Z] info: Fetching profile with id: 63459833de8fb2509f5da9dd
[2022-11-10T19:51:27.238Z] info: Fetching profile with id: 63459833de8fb2509f5da9dd
[2022-11-10T19:51:28.227Z] info: Fetching profile with id: 63459833de8fb2509f5da9dd
[2022-11-10T19:51:29.251Z] info: Fetching profile with id: 63459833de8fb2509f5da9dd
[2022-11-10T19:51:30.234Z] info: Fetching profile with id: 63459833de8fb2509f5da9dd
[2022-11-10T19:51:31.237Z] info: Fetching profile with id: 63459833de8fb2509f5da9dd
[2022-11-10T19:51:32.226Z] info: Fetching profile with id: 63459833de8fb2509f5da9dd
[2022-11-10T19:51:33.234Z] info: Fetching profile with id: 63459833de8fb2509f5da9dd
[2022-11-10T19:51:34.231Z] info: Fetching profile with id: 63459833de8fb2509f5da9dd
[2022-11-10T19:51:35.230Z] info: Fetching profile with id: 63459833de8fb2509f5da9dd
[2022-11-10T19:51:36.227Z] info: Fetching profile with id: 63459833de8fb2509f5da9dd
[2022-11-10T19:51:37.231Z] info: Fetching profile with id: 63459833de8fb2509f5da9dd
[2022-11-10T19:51:38.239Z] info: Fetching profile with id: 63459833de8fb2509f5da9dd
[2022-11-10T19:51:39.247Z] info: Fetching profile with id: 63459833de8fb2509f5da9dd
[2022-11-10T19:51:40.242Z] info: Fetching profile with id: 63459833de8fb2509f5da9dd
[2022-11-10T19:51:41.236Z] info: Fetching profile with id: 63459833de8fb2509f5da9dd
[2022-11-10T19:51:42.229Z] info: Fetching profile with id: 63459833de8fb2509f5da9dd
[2022-11-10T19:51:43.232Z] info: Fetching profile with id: 63459833de8fb2509f5da9dd
[2022-11-10T19:51:44.248Z] info: Fetching profile with id: 63459833de8fb2509f5da9dd
[2022-11-10T19:51:45.230Z] info: Fetching profile with id: 63459833de8fb2509f5da9dd
[2022-11-10T19:51:46.233Z] info: Fetching profile with id: 63459833de8fb2509f5da9dd
[2022-11-10T19:54:49.008Z] info: Fetching profile with id: 63459833de8fb2509f5da9dd
[2022-11-10T19:54:49.954Z] info: Fetching profile with id: 63459833de8fb2509f5da9dd
[2022-11-10T19:54:50.950Z] info: Fetching profile with id: 63459833de8fb2509f5da9dd
[2022-11-10T19:54:51.198Z] info: Fetching profile with id: 63459833de8fb2509f5da9dd
[2022-11-10T19:54:51.949Z] info: Fetching profile with id: 63459833de8fb2509f5da9dd
[2022-11-10T19:54:52.953Z] info: Fetching profile with id: 63459833de8fb2509f5da9dd
[2022-11-10T19:55:42.869Z] info: Fetching profile with id: 63459833de8fb2509f5da9dd
[2022-11-10T19:55:43.740Z] info: Fetching profile with id: 63459833de8fb2509f5da9dd
[2022-11-10T19:55:44.739Z] info: Fetching profile with id: 63459833de8fb2509f5da9dd
[2022-11-10T19:55:45.745Z] info: Fetching profile with id: 63459833de8fb2509f5da9dd
[2022-11-10T19:55:46.735Z] info: Fetching profile with id: 63459833de8fb2509f5da9dd
[2022-11-10T19:55:47.745Z] info: Fetching profile with id: 63459833de8fb2509f5da9dd
[2022-11-10T19:55:48.733Z] info: Fetching profile with id: 63459833de8fb2509f5da9dd
[2022-11-10T19:55:49.759Z] info: Fetching profile with id: 63459833de8fb2509f5da9dd
[2022-11-10T19:55:50.759Z] info: Fetching profile with id: 63459833de8fb2509f5da9dd
